2013-06-30 20:46:07: -- dasKinder_mobile: ANALYSIS started by User on 'MD-PC' (GoodSync 9.4.9.9)
2013-06-30 20:46:07: ~Mark\Documents\GitHub\dasKind_pBd\www (C:\Users\Mark\Documents\GitHub\dasKind_pBd\www) <-> ftps://ftp.bandofmusicians.com/Strip_Compare/www
2013-06-30 20:46:07: L: Files: 38 (excluded 2). Folders: 7 (excluded 1). C: NTFS, Free: 469 MB, Total: 220 GB
2013-06-30 20:46:13: R: Files: 21 (excluded 0). Folders: 2 (excluded 1). FTP: Welcome to the Yahoo! Web Hosting FTP serverNeed help? Get all details at:http://help.yahoo.com/help/us/webhosting/gftp/ No anon ...
2013-06-30 20:46:13: /default_dasKinderMain.js: Conflict: New files that differ
2013-06-30 20:46:13: /media/01_Susies_dnc_09-05-12.mp3: Conflict: New files that differ
2013-06-30 20:46:13: /media/02-War Master 01-16-13.mp3: Conflict: New files that differ
2013-06-30 20:46:13: /media/FRONT.jpg: Conflict: New files that differ
2013-06-30 20:46:13: /readme.rd: Conflict: New files that differ
2013-06-30 20:46:13: Analyze has finished with Conflicts. Resolve Conflicts by selecting the correct sync direction, then click Sync
2013-06-30 20:46:13: Changes: 39, Conflicts: 5, CopyTime: 0, CopyState: 9/0, Errors: 0
2013-06-30 20:46:13: Left to Right: Copy File: 34 Copy State: 9 
2013-06-30 20:46:13: -- Analysis Completed. Time 00:00:12, Speed: 4 files/s
2013-06-30 20:46:13: 
2013-06-30 20:47:35: == dasKinder_mobile: SYNC started by User on 'MD-PC'
2013-06-30 20:47:35: ~Mark\Documents\GitHub\dasKind_pBd\www (C:\Users\Mark\Documents\GitHub\dasKind_pBd\www) <-> ftps://ftp.bandofmusicians.com/Strip_Compare/www
2013-06-30 20:47:36: Create Folder 'ftps://ftp.bandofmusicians.com/Strip_Compare/www/bin'
2013-06-30 20:47:36: Create Folder 'ftps://ftp.bandofmusicians.com/Strip_Compare/www/obj'
2013-06-30 20:47:36: Create Folder 'ftps://ftp.bandofmusicians.com/Strip_Compare/www/obj/Debug'
2013-06-30 20:47:36: Create Folder 'ftps://ftp.bandofmusicians.com/Strip_Compare/www/obj/Debug/TempPE'
2013-06-30 20:47:36: Create Folder 'ftps://ftp.bandofmusicians.com/Strip_Compare/www/Properties'
2013-06-30 20:47:37: Copy New 'C:\Users\Mark\Documents\GitHub\dasKind_pBd\www\bin\daskind_p8d.dll' -> 'ftps://ftp.bandofmusicians.com/Strip_Compare/www/bin/daskind_p8d.dll'
2013-06-30 20:47:38: Copy New 'C:\Users\Mark\Documents\GitHub\dasKind_pBd\www\bin\daskind_p8d.pdb' -> 'ftps://ftp.bandofmusicians.com/Strip_Compare/www/bin/daskind_p8d.pdb'
2013-06-30 20:47:38: Copy New 'C:\Users\Mark\Documents\GitHub\dasKind_pBd\www\daskind_p8d.csproj' -> 'ftps://ftp.bandofmusicians.com/Strip_Compare/www/daskind_p8d.csproj'
2013-06-30 20:47:39: Copy New 'C:\Users\Mark\Documents\GitHub\dasKind_pBd\www\daskind_p8d.csproj.user' -> 'ftps://ftp.bandofmusicians.com/Strip_Compare/www/daskind_p8d.csproj.user'
2013-06-30 20:47:39: Copy New 'C:\Users\Mark\Documents\GitHub\dasKind_pBd\www\daskind_p8d.sln' -> 'ftps://ftp.bandofmusicians.com/Strip_Compare/www/daskind_p8d.sln'
2013-06-30 20:47:41: Copy Over 'C:\Users\Mark\Documents\GitHub\dasKind_pBd\www\default_dasKinderMain.js' -> 'ftps://ftp.bandofmusicians.com/Strip_Compare/www/default_dasKinderMain.js' (User Action)
2013-06-30 20:47:44: Copy Over 'C:\Users\Mark\Documents\GitHub\dasKind_pBd\www\index.html' -> 'ftps://ftp.bandofmusicians.com/Strip_Compare/www/index.html'
2013-06-30 20:47:45: Copy Over 'C:\Users\Mark\Documents\GitHub\dasKind_pBd\www\lib\app.js' -> 'ftps://ftp.bandofmusicians.com/Strip_Compare/www/lib/app.js'
2013-06-30 20:47:46: Copy Over 'C:\Users\Mark\Documents\GitHub\dasKind_pBd\www\lib\handlebars.js' -> 'ftps://ftp.bandofmusicians.com/Strip_Compare/www/lib/handlebars.js'
2013-06-30 20:47:47: Copy Over 'C:\Users\Mark\Documents\GitHub\dasKind_pBd\www\lib\iscroll.js' -> 'ftps://ftp.bandofmusicians.com/Strip_Compare/www/lib/iscroll.js'
2013-06-30 20:47:48: Copy Over 'C:\Users\Mark\Documents\GitHub\dasKind_pBd\www\lib\jqplot.barRenderer.min.js' -> 'ftps://ftp.bandofmusicians.com/Strip_Compare/www/lib/jqplot.barRenderer.min.js'
2013-06-30 20:47:49: Copy Over 'C:\Users\Mark\Documents\GitHub\dasKind_pBd\www\lib\jqplot.categoryAxisRenderer.min.js' -> 'ftps://ftp.bandofmusicians.com/Strip_Compare/www/lib/jqplot.categoryAxisRenderer.min.js'
2013-06-30 20:47:50: Copy Over 'C:\Users\Mark\Documents\GitHub\dasKind_pBd\www\lib\jqplot.pieRenderer.min.js' -> 'ftps://ftp.bandofmusicians.com/Strip_Compare/www/lib/jqplot.pieRenderer.min.js'
2013-06-30 20:47:51: Copy Over 'C:\Users\Mark\Documents\GitHub\dasKind_pBd\www\lib\jquery-1.9.1.min.js' -> 'ftps://ftp.bandofmusicians.com/Strip_Compare/www/lib/jquery-1.9.1.min.js'
2013-06-30 20:47:54: Copy Over 'C:\Users\Mark\Documents\GitHub\dasKind_pBd\www\lib\jquery.jqplot.min.js' -> 'ftps://ftp.bandofmusicians.com/Strip_Compare/www/lib/jquery.jqplot.min.js'
2013-06-30 20:47:57: Copy Over 'C:\Users\Mark\Documents\GitHub\dasKind_pBd\www\lib\jquery.mobile-1.3.1.min.js' -> 'ftps://ftp.bandofmusicians.com/Strip_Compare/www/lib/jquery.mobile-1.3.1.min.js'
2013-06-30 20:47:57: Copy Over 'C:\Users\Mark\Documents\GitHub\dasKind_pBd\www\lib\pages.js' -> 'ftps://ftp.bandofmusicians.com/Strip_Compare/www/lib/pages.js'
2013-06-30 20:47:59: Copy Over 'C:\Users\Mark\Documents\GitHub\dasKind_pBd\www\lib\underscore-1.4.4.min.js' -> 'ftps://ftp.bandofmusicians.com/Strip_Compare/www/lib/underscore-1.4.4.min.js'
2013-06-30 20:49:28: Copy Over 'C:\Users\Mark\Documents\GitHub\dasKind_pBd\www\media\01_Susies_dnc_09-05-12.mp3' -> 'ftps://ftp.bandofmusicians.com/Strip_Compare/www/media/01_Susies_dnc_09-05-12.mp3' (User Action)
2013-06-30 20:50:38: Copy Over 'C:\Users\Mark\Documents\GitHub\dasKind_pBd\www\media\02-War Master 01-16-13.mp3' -> 'ftps://ftp.bandofmusicians.com/Strip_Compare/www/media/02-War Master 01-16-13.mp3' (User Action)
2013-06-30 20:50:41: Copy Over 'C:\Users\Mark\Documents\GitHub\dasKind_pBd\www\media\FRONT.jpg' -> 'ftps://ftp.bandofmusicians.com/Strip_Compare/www/media/FRONT.jpg' (User Action)
2013-06-30 20:50:45: Copy New 'C:\Users\Mark\Documents\GitHub\dasKind_pBd\www\obj\Debug\daskind_p8d.csproj.FileListAbsolute.txt' -> 'ftps://ftp.bandofmusicians.com/Strip_Compare/www/obj/Debug/daskind_p8d.csproj.FileListAbsolute.txt'
2013-06-30 20:50:45: Copy New 'C:\Users\Mark\Documents\GitHub\dasKind_pBd\www\obj\Debug\daskind_p8d.csprojResolveAssemblyReference.cache' -> 'ftps://ftp.bandofmusicians.com/Strip_Compare/www/obj/Debug/daskind_p8d.csprojResolveAssemblyReference.cache'
2013-06-30 20:50:46: Copy New 'C:\Users\Mark\Documents\GitHub\dasKind_pBd\www\obj\Debug\daskind_p8d.dll' -> 'ftps://ftp.bandofmusicians.com/Strip_Compare/www/obj/Debug/daskind_p8d.dll'
2013-06-30 20:50:47: Copy New 'C:\Users\Mark\Documents\GitHub\dasKind_pBd\www\obj\Debug\daskind_p8d.pdb' -> 'ftps://ftp.bandofmusicians.com/Strip_Compare/www/obj/Debug/daskind_p8d.pdb'
2013-06-30 20:50:57: Copy New 'C:\Users\Mark\Documents\GitHub\dasKind_pBd\www\obj\Debug\DesignTimeResolveAssemblyReferencesInput.cache' -> 'ftps://ftp.bandofmusicians.com/Strip_Compare/www/obj/Debug/DesignTimeResolveAssemblyReferencesInput.cache'
2013-06-30 20:50:58: Copy New 'C:\Users\Mark\Documents\GitHub\dasKind_pBd\www\obj\Debug\TemporaryGeneratedFile_036C0B5B-1481-4323-8D20-8F5ADCB23D92.cs' -> 'ftps://ftp.bandofmusicians.com/Strip_Compare/www/obj/Debug/TemporaryGeneratedFile_036C0B5B-1481-4323-8D20-8F5ADCB23D92.cs'
2013-06-30 20:50:59: Copy New 'C:\Users\Mark\Documents\GitHub\dasKind_pBd\www\obj\Debug\TemporaryGeneratedFile_5937a670-0e60-4077-877b-f7221da3dda1.cs' -> 'ftps://ftp.bandofmusicians.com/Strip_Compare/www/obj/Debug/TemporaryGeneratedFile_5937a670-0e60-4077-877b-f7221da3dda1.cs'
2013-06-30 20:51:00: Copy New 'C:\Users\Mark\Documents\GitHub\dasKind_pBd\www\obj\Debug\TemporaryGeneratedFile_E7A71F73-0F8D-4B9B-B56E-8E70B10BC5D3.cs' -> 'ftps://ftp.bandofmusicians.com/Strip_Compare/www/obj/Debug/TemporaryGeneratedFile_E7A71F73-0F8D-4B9B-B56E-8E70B10BC5D3.cs'
2013-06-30 20:51:01: Copy New 'C:\Users\Mark\Documents\GitHub\dasKind_pBd\www\packages.config' -> 'ftps://ftp.bandofmusicians.com/Strip_Compare/www/packages.config'
2013-06-30 20:51:02: Copy Over 'C:\Users\Mark\Documents\GitHub\dasKind_pBd\www\readme.rd' -> 'ftps://ftp.bandofmusicians.com/Strip_Compare/www/readme.rd' (User Action)
2013-06-30 20:51:02: Copy New 'C:\Users\Mark\Documents\GitHub\dasKind_pBd\www\web.config' -> 'ftps://ftp.bandofmusicians.com/Strip_Compare/www/web.config'
2013-06-30 20:51:03: Copy New 'C:\Users\Mark\Documents\GitHub\dasKind_pBd\www\web.Debug.config' -> 'ftps://ftp.bandofmusicians.com/Strip_Compare/www/web.Debug.config'
2013-06-30 20:51:04: Copy New 'C:\Users\Mark\Documents\GitHub\dasKind_pBd\www\web.Release.config' -> 'ftps://ftp.bandofmusicians.com/Strip_Compare/www/web.Release.config'
2013-06-30 20:51:05: Save State File ftps://ftp.bandofmusicians.com/Strip_Compare/www/_gsdata_/_file_state_v4._gs
2013-06-30 20:51:05: Items Synced OK: 48, Errors: 0
2013-06-30 20:51:06: == Sync Completed. Time: 00:03:33, Speed: 68.1 KB/s (3.63 KB/s)
2013-06-30 20:51:06: 
