2013-06-24 19:25:30: -- vs_daskinder: ANALYSIS started by User on 'MD-PC' (GoodSync 9.4.9.9)
2013-06-24 19:25:30: ~Mark\Documents\GitHub\dasKind_pBd\www (C:\Users\Mark\Documents\GitHub\dasKind_pBd\www) <-> ~Mark\Documents\GitHub\dasKind_pBd\vs_www (C:\Users\Mark\Documents\GitHub\dasKind_pBd\vs_www)
2013-06-24 19:25:30: L: Files: 21 (excluded 2). Folders: 2 (excluded 1). C: NTFS, Free: 1.29 GB, Total: 220 GB
2013-06-24 19:25:30: R: State file does not exist: C:\Users\Mark\Documents\GitHub\dasKind_pBd\vs_www\_gsdata_\_file_state._gs
2013-06-24 19:25:30: R: No State File found, New State will be built
2013-06-24 19:25:30: R: Files: 27 (excluded 3). Folders: 6 (excluded 0). C: NTFS, Free: 1.29 GB, Total: 220 GB
2013-06-24 19:25:30: Changes: 34, Conflicts: 0, CopyTime: 0, CopyState: 6/5, Errors: 0
2013-06-24 19:25:30: Left to Right: Copy File: 12 Copy State: 6 
2013-06-24 19:25:30: Right to Left: Copy File: 22 
2013-06-24 19:25:30: -- Analysis Completed. Time 00:00:00, Speed: Many files/s
2013-06-24 19:25:30: 
2013-06-24 19:27:12: New _gsdata_ folder(s) created, so rescan all job folders for their ghosts
2013-06-24 19:27:12: == vs_daskinder: SYNC started by User on 'MD-PC'
2013-06-24 19:27:12: ~Mark\Documents\GitHub\dasKind_pBd\www (C:\Users\Mark\Documents\GitHub\dasKind_pBd\www) <-> ~Mark\Documents\GitHub\dasKind_pBd\vs_www (C:\Users\Mark\Documents\GitHub\dasKind_pBd\vs_www)
2013-06-24 19:27:12: Create Folder 'C:\Users\Mark\Documents\GitHub\dasKind_pBd\www\bin'
2013-06-24 19:27:12: Create Folder 'C:\Users\Mark\Documents\GitHub\dasKind_pBd\vs_www\lib'
2013-06-24 19:27:12: Create Folder 'C:\Users\Mark\Documents\GitHub\dasKind_pBd\www\obj'
2013-06-24 19:27:12: Create Folder 'C:\Users\Mark\Documents\GitHub\dasKind_pBd\www\obj\Debug'
2013-06-24 19:27:12: Create Folder 'C:\Users\Mark\Documents\GitHub\dasKind_pBd\www\obj\Debug\TempPE'
2013-06-24 19:27:12: Create Folder 'C:\Users\Mark\Documents\GitHub\dasKind_pBd\www\Properties'
2013-06-24 19:27:12: Copy New 'C:\Users\Mark\Documents\GitHub\dasKind_pBd\vs_www\bin\vs_www.dll' -> 'C:\Users\Mark\Documents\GitHub\dasKind_pBd\www\bin\vs_www.dll'
2013-06-24 19:27:12: Copy New 'C:\Users\Mark\Documents\GitHub\dasKind_pBd\vs_www\bin\vs_www.pdb' -> 'C:\Users\Mark\Documents\GitHub\dasKind_pBd\www\bin\vs_www.pdb'
2013-06-24 19:27:12: Copy New 'C:\Users\Mark\Documents\GitHub\dasKind_pBd\www\lib\app.js' -> 'C:\Users\Mark\Documents\GitHub\dasKind_pBd\vs_www\lib\app.js'
2013-06-24 19:27:12: Copy New 'C:\Users\Mark\Documents\GitHub\dasKind_pBd\www\lib\handlebars.js' -> 'C:\Users\Mark\Documents\GitHub\dasKind_pBd\vs_www\lib\handlebars.js'
2013-06-24 19:27:12: Copy New 'C:\Users\Mark\Documents\GitHub\dasKind_pBd\www\lib\iscroll.js' -> 'C:\Users\Mark\Documents\GitHub\dasKind_pBd\vs_www\lib\iscroll.js'
2013-06-24 19:27:12: Copy New 'C:\Users\Mark\Documents\GitHub\dasKind_pBd\www\lib\jqplot.barRenderer.min.js' -> 'C:\Users\Mark\Documents\GitHub\dasKind_pBd\vs_www\lib\jqplot.barRenderer.min.js'
2013-06-24 19:27:12: Copy New 'C:\Users\Mark\Documents\GitHub\dasKind_pBd\www\lib\jqplot.categoryAxisRenderer.min.js' -> 'C:\Users\Mark\Documents\GitHub\dasKind_pBd\vs_www\lib\jqplot.categoryAxisRenderer.min.js'
2013-06-24 19:27:12: Copy New 'C:\Users\Mark\Documents\GitHub\dasKind_pBd\www\lib\jqplot.pieRenderer.min.js' -> 'C:\Users\Mark\Documents\GitHub\dasKind_pBd\vs_www\lib\jqplot.pieRenderer.min.js'
2013-06-24 19:27:13: Copy New 'C:\Users\Mark\Documents\GitHub\dasKind_pBd\www\lib\jquery-1.9.1.min.js' -> 'C:\Users\Mark\Documents\GitHub\dasKind_pBd\vs_www\lib\jquery-1.9.1.min.js'
2013-06-24 19:27:14: Copy New 'C:\Users\Mark\Documents\GitHub\dasKind_pBd\www\lib\jquery.jqplot.min.js' -> 'C:\Users\Mark\Documents\GitHub\dasKind_pBd\vs_www\lib\jquery.jqplot.min.js'
2013-06-24 19:27:14: Copy New 'C:\Users\Mark\Documents\GitHub\dasKind_pBd\www\lib\jquery.mobile-1.3.1.min.js' -> 'C:\Users\Mark\Documents\GitHub\dasKind_pBd\vs_www\lib\jquery.mobile-1.3.1.min.js'
2013-06-24 19:27:14: Copy New 'C:\Users\Mark\Documents\GitHub\dasKind_pBd\www\lib\pages.js' -> 'C:\Users\Mark\Documents\GitHub\dasKind_pBd\vs_www\lib\pages.js'
2013-06-24 19:27:15: Copy New 'C:\Users\Mark\Documents\GitHub\dasKind_pBd\www\lib\underscore-1.4.4.min.js' -> 'C:\Users\Mark\Documents\GitHub\dasKind_pBd\vs_www\lib\underscore-1.4.4.min.js'
2013-06-24 19:27:15: Copy New 'C:\Users\Mark\Documents\GitHub\dasKind_pBd\vs_www\obj\Debug\DesignTimeResolveAssemblyReferencesInput.cache' -> 'C:\Users\Mark\Documents\GitHub\dasKind_pBd\www\obj\Debug\DesignTimeResolveAssemblyReferencesInput.cache'
2013-06-24 19:27:15: Copy New 'C:\Users\Mark\Documents\GitHub\dasKind_pBd\vs_www\obj\Debug\TemporaryGeneratedFile_036C0B5B-1481-4323-8D20-8F5ADCB23D92.cs' -> 'C:\Users\Mark\Documents\GitHub\dasKind_pBd\www\obj\Debug\TemporaryGeneratedFile_036C0B5B-1481-4323-8D20-8F5ADCB23D92.cs'
2013-06-24 19:27:15: Copy New 'C:\Users\Mark\Documents\GitHub\dasKind_pBd\vs_www\obj\Debug\TemporaryGeneratedFile_5937a670-0e60-4077-877b-f7221da3dda1.cs' -> 'C:\Users\Mark\Documents\GitHub\dasKind_pBd\www\obj\Debug\TemporaryGeneratedFile_5937a670-0e60-4077-877b-f7221da3dda1.cs'
2013-06-24 19:27:15: Copy New 'C:\Users\Mark\Documents\GitHub\dasKind_pBd\vs_www\obj\Debug\TemporaryGeneratedFile_E7A71F73-0F8D-4B9B-B56E-8E70B10BC5D3.cs' -> 'C:\Users\Mark\Documents\GitHub\dasKind_pBd\www\obj\Debug\TemporaryGeneratedFile_E7A71F73-0F8D-4B9B-B56E-8E70B10BC5D3.cs'
2013-06-24 19:27:15: Copy New 'C:\Users\Mark\Documents\GitHub\dasKind_pBd\vs_www\obj\Debug\vs_www.csproj.FileListAbsolute.txt' -> 'C:\Users\Mark\Documents\GitHub\dasKind_pBd\www\obj\Debug\vs_www.csproj.FileListAbsolute.txt'
2013-06-24 19:27:15: Copy New 'C:\Users\Mark\Documents\GitHub\dasKind_pBd\vs_www\obj\Debug\vs_www.csprojResolveAssemblyReference.cache' -> 'C:\Users\Mark\Documents\GitHub\dasKind_pBd\www\obj\Debug\vs_www.csprojResolveAssemblyReference.cache'
2013-06-24 19:27:15: Copy New 'C:\Users\Mark\Documents\GitHub\dasKind_pBd\vs_www\obj\Debug\vs_www.dll' -> 'C:\Users\Mark\Documents\GitHub\dasKind_pBd\www\obj\Debug\vs_www.dll'
2013-06-24 19:27:15: Copy New 'C:\Users\Mark\Documents\GitHub\dasKind_pBd\vs_www\obj\Debug\vs_www.pdb' -> 'C:\Users\Mark\Documents\GitHub\dasKind_pBd\www\obj\Debug\vs_www.pdb'
2013-06-24 19:27:15: Copy New 'C:\Users\Mark\Documents\GitHub\dasKind_pBd\vs_www\packages.config' -> 'C:\Users\Mark\Documents\GitHub\dasKind_pBd\www\packages.config'
2013-06-24 19:27:15: Copy New 'C:\Users\Mark\Documents\GitHub\dasKind_pBd\vs_www\vs_www.csproj' -> 'C:\Users\Mark\Documents\GitHub\dasKind_pBd\www\vs_www.csproj'
2013-06-24 19:27:15: Copy New 'C:\Users\Mark\Documents\GitHub\dasKind_pBd\vs_www\vs_www.csproj.user' -> 'C:\Users\Mark\Documents\GitHub\dasKind_pBd\www\vs_www.csproj.user'
2013-06-24 19:27:15: Copy New 'C:\Users\Mark\Documents\GitHub\dasKind_pBd\vs_www\vs_www.sln' -> 'C:\Users\Mark\Documents\GitHub\dasKind_pBd\www\vs_www.sln'
2013-06-24 19:27:15: Copy New 'C:\Users\Mark\Documents\GitHub\dasKind_pBd\vs_www\web.config' -> 'C:\Users\Mark\Documents\GitHub\dasKind_pBd\www\web.config'
2013-06-24 19:27:16: Copy New 'C:\Users\Mark\Documents\GitHub\dasKind_pBd\vs_www\web.Debug.config' -> 'C:\Users\Mark\Documents\GitHub\dasKind_pBd\www\web.Debug.config'
2013-06-24 19:27:16: Copy New 'C:\Users\Mark\Documents\GitHub\dasKind_pBd\vs_www\web.Release.config' -> 'C:\Users\Mark\Documents\GitHub\dasKind_pBd\www\web.Release.config'
2013-06-24 19:27:16: Items Synced OK: 45, Errors: 0
2013-06-24 19:27:16: == Sync Completed. Time: 00:00:04, Speed: 150 KB/s (7.77 KB/s)
2013-06-24 19:27:16: 
