2013-06-23 21:21:33: -- dasKinder_mobile: ANALYSIS started by User on 'MD-PC' (GoodSync 9.4.9.9)
2013-06-23 21:21:33: ~Mark\Documents\GitHub\dasKind_pBd\www (C:\Users\Mark\Documents\GitHub\dasKind_pBd\www) <-> ftps://ftp.bandofmusicians.com/Strip_Compare/www
2013-06-23 21:21:33: L: State file does not exist: C:\Users\Mark\Documents\GitHub\dasKind_pBd\www\_gsdata_\_file_state._gs
2013-06-23 21:21:33: L: No State File found, New State will be built
2013-06-23 21:21:33: L: Files: 17 (excluded 2). Folders: 2 (excluded 1). C: NTFS, Free: 0.99 GB, Total: 220 GB
2013-06-23 21:21:40: R: Files: 9 (excluded 0). Folders: 1 (excluded 1). FTP: Welcome to the Yahoo! Web Hosting FTP serverNeed help? Get all details at:http://help.yahoo.com/help/us/webhosting/gftp/ No anon ...
2013-06-23 21:21:40: /default_dasKinderMain.js: Conflict: New files that differ
2013-06-23 21:21:40: /media/01_Susies_dnc_09-05-12.mp3: Conflict: New files that differ
2013-06-23 21:21:40: /media/02-War Master 01-16-13.mp3: Conflict: New files that differ
2013-06-23 21:21:40: /media/FRONT.jpg: Conflict: New files that differ
2013-06-23 21:21:40: /readme.rd: Conflict: New files that differ
2013-06-23 21:21:40: Analyze has finished with Conflicts. Resolve Conflicts by selecting the correct sync direction, then click Sync
2013-06-23 21:21:40: Changes: 22, Conflicts: 5, CopyTime: 0, CopyState: 1/0, Errors: 0
2013-06-23 21:21:40: Left to Right: Copy File: 13 
2013-06-23 21:21:40: Right to Left: Copy File: 4 Copy State: 1 
2013-06-23 21:21:40: -- Analysis Completed. Time 00:00:11, Speed: 2 files/s
2013-06-23 21:21:40: 
2013-06-23 21:22:45: == dasKinder_mobile: SYNC started by User on 'MD-PC'
2013-06-23 21:22:45: ~Mark\Documents\GitHub\dasKind_pBd\www (C:\Users\Mark\Documents\GitHub\dasKind_pBd\www) <-> ftps://ftp.bandofmusicians.com/Strip_Compare/www
2013-06-23 21:22:45: Create Folder 'ftps://ftp.bandofmusicians.com/Strip_Compare/www/lib'
2013-06-23 21:22:47: Copy New 'ftps://ftp.bandofmusicians.com/Strip_Compare/www/audio-nesim.html' -> 'C:\Users\Mark\Documents\GitHub\dasKind_pBd\www\audio-nesim.html'
2013-06-23 21:22:47: /default_dasKinderMain.js: unresolved conflict results in No Copy
2013-06-23 21:22:47: Copy New 'ftps://ftp.bandofmusicians.com/Strip_Compare/www/index-nesim.html' -> 'C:\Users\Mark\Documents\GitHub\dasKind_pBd\www\index-nesim.html'
2013-06-23 21:22:48: Copy New 'C:\Users\Mark\Documents\GitHub\dasKind_pBd\www\index.html' -> 'ftps://ftp.bandofmusicians.com/Strip_Compare/www/index.html'
2013-06-23 21:22:49: Copy New 'ftps://ftp.bandofmusicians.com/Strip_Compare/www/index2.html' -> 'C:\Users\Mark\Documents\GitHub\dasKind_pBd\www\index2.html'
2013-06-23 21:22:49: Copy New 'C:\Users\Mark\Documents\GitHub\dasKind_pBd\www\lib\app.js' -> 'ftps://ftp.bandofmusicians.com/Strip_Compare/www/lib/app.js'
2013-06-23 21:22:50: Copy New 'C:\Users\Mark\Documents\GitHub\dasKind_pBd\www\lib\handlebars.js' -> 'ftps://ftp.bandofmusicians.com/Strip_Compare/www/lib/handlebars.js'
2013-06-23 21:22:51: Copy New 'C:\Users\Mark\Documents\GitHub\dasKind_pBd\www\lib\iscroll.js' -> 'ftps://ftp.bandofmusicians.com/Strip_Compare/www/lib/iscroll.js'
2013-06-23 21:22:52: Copy New 'C:\Users\Mark\Documents\GitHub\dasKind_pBd\www\lib\jqplot.barRenderer.min.js' -> 'ftps://ftp.bandofmusicians.com/Strip_Compare/www/lib/jqplot.barRenderer.min.js'
2013-06-23 21:22:53: Copy New 'C:\Users\Mark\Documents\GitHub\dasKind_pBd\www\lib\jqplot.categoryAxisRenderer.min.js' -> 'ftps://ftp.bandofmusicians.com/Strip_Compare/www/lib/jqplot.categoryAxisRenderer.min.js'
2013-06-23 21:22:54: Copy New 'C:\Users\Mark\Documents\GitHub\dasKind_pBd\www\lib\jqplot.pieRenderer.min.js' -> 'ftps://ftp.bandofmusicians.com/Strip_Compare/www/lib/jqplot.pieRenderer.min.js'
2013-06-23 21:22:55: Copy New 'C:\Users\Mark\Documents\GitHub\dasKind_pBd\www\lib\jquery-1.9.1.min.js' -> 'ftps://ftp.bandofmusicians.com/Strip_Compare/www/lib/jquery-1.9.1.min.js'
2013-06-23 21:22:57: Copy New 'C:\Users\Mark\Documents\GitHub\dasKind_pBd\www\lib\jquery.jqplot.min.js' -> 'ftps://ftp.bandofmusicians.com/Strip_Compare/www/lib/jquery.jqplot.min.js'
2013-06-23 21:22:59: Copy New 'C:\Users\Mark\Documents\GitHub\dasKind_pBd\www\lib\jquery.mobile-1.3.1.min.js' -> 'ftps://ftp.bandofmusicians.com/Strip_Compare/www/lib/jquery.mobile-1.3.1.min.js'
2013-06-23 21:22:59: Copy New 'C:\Users\Mark\Documents\GitHub\dasKind_pBd\www\lib\pages.js' -> 'ftps://ftp.bandofmusicians.com/Strip_Compare/www/lib/pages.js'
2013-06-23 21:23:00: Copy New 'C:\Users\Mark\Documents\GitHub\dasKind_pBd\www\lib\underscore-1.4.4.min.js' -> 'ftps://ftp.bandofmusicians.com/Strip_Compare/www/lib/underscore-1.4.4.min.js'
2013-06-23 21:23:00: /media/01_Susies_dnc_09-05-12.mp3: unresolved conflict results in No Copy
2013-06-23 21:23:00: /media/02-War Master 01-16-13.mp3: unresolved conflict results in No Copy
2013-06-23 21:23:00: /media/FRONT.jpg: unresolved conflict results in No Copy
2013-06-23 21:23:00: /readme.rd: unresolved conflict results in No Copy
2013-06-23 21:23:01: Copy New 'ftps://ftp.bandofmusicians.com/Strip_Compare/www/xxindex-nesim.html' -> 'C:\Users\Mark\Documents\GitHub\dasKind_pBd\www\xxindex-nesim.html'
2013-06-23 21:23:01: Save State File ftps://ftp.bandofmusicians.com/Strip_Compare/www/_gsdata_/_file_state_v4._gs
2013-06-23 21:23:01: Sync finished with 5 unresolved conflicts. Click Conflicts button to see unresolved conflicts
2013-06-23 21:23:01: Items Synced OK: 18, Errors: 0
2013-06-23 21:23:02: == Sync Completed. Time: 00:00:19, Speed: 31.3 KB/s (2.79 KB/s)
2013-06-23 21:23:02: 
